SF:lib\nations.dart
DA:34,6
LF:1
LH:1
end_of_record
SF:lib\src\models\config.dart
DA:8,2
DA:30,0
DA:31,0
LF:3
LH:1
end_of_record
SF:lib\src\controller.dart
DA:20,2
DA:23,2
DA:24,2
DA:28,6
DA:30,2
DA:31,4
DA:32,2
DA:33,2
DA:38,2
DA:39,4
DA:40,8
DA:41,4
DA:44,6
DA:54,4
DA:56,2
DA:57,10
DA:58,2
DA:61,0
DA:62,0
DA:63,0
DA:64,0
LF:21
LH:17
end_of_record
SF:lib\src\extensions\nations_base.dart
DA:7,4
DA:10,2
DA:13,2
DA:16,0
DA:17,0
LF:5
LH:3
end_of_record
SF:lib\src\extensions\string.dart
DA:8,4
DA:11,0
DA:14,0
DA:17,0
LF:4
LH:1
end_of_record
SF:lib\src\helpers\string.dart
DA:6,0
DA:7,0
DA:14,0
DA:15,0
DA:18,0
DA:19,0
DA:23,0
DA:25,0
DA:26,0
DA:27,0
LF:10
LH:0
end_of_record
SF:lib\src\helpers\locales.dart
DA:13,1
DA:15,2
DA:19,0
DA:20,0
LF:4
LH:2
end_of_record
SF:lib\src\loaders\base.dart
DA:10,4
DA:15,2
DA:16,2
DA:17,4
DA:18,4
LF:5
LH:5
end_of_record
SF:lib\src\loaders\json.dart
DA:8,2
DA:9,0
DA:10,0
DA:12,0
LF:4
LH:1
end_of_record
SF:lib\src\loaders\test.dart
DA:12,2
DA:13,4
DA:14,4
LF:3
LH:3
end_of_record
SF:lib\src\widgets\builder.dart
DA:10,2
DA:12,2
DA:13,2
DA:17,2
DA:19,6
DA:20,6
DA:22,2
DA:25,2
DA:26,2
DA:27,2
DA:28,6
LF:11
LH:11
end_of_record
SF:lib\src\translation_methods.dart
DA:6,2
DA:7,4
DA:11,0
DA:12,0
DA:13,0
DA:14,0
DA:15,0
DA:16,0
DA:18,0
DA:20,0
DA:21,0
DA:30,0
DA:31,0
DA:34,0
DA:35,0
DA:38,0
DA:39,0
DA:40,0
LF:18
LH:2
end_of_record
SF:lib\src\enums.dart
DA:1,2
LF:1
LH:1
end_of_record
SF:lib\src\models\translations.dart
DA:9,2
LF:1
LH:1
end_of_record
SF:lib\src\delegate.dart
DA:8,2
DA:10,2
DA:12,6
DA:17,2
DA:18,6
DA:19,4
DA:22,0
LF:7
LH:6
end_of_record
SF:lib\src\extract.dart
DA:6,8
DA:7,0
DA:13,2
DA:17,4
DA:19,2
DA:22,2
DA:24,8
DA:25,0
DA:26,0
DA:29,0
DA:30,0
DA:32,0
DA:33,0
DA:34,0
DA:35,0
DA:36,0
DA:37,0
DA:38,0
DA:39,0
DA:42,0
DA:43,0
DA:48,2
DA:49,2
DA:50,2
DA:51,0
DA:52,0
DA:53,0
DA:55,0
DA:56,0
DA:57,0
DA:59,0
DA:61,0
DA:64,2
DA:68,2
DA:69,4
DA:72,0
DA:74,0
DA:77,0
DA:79,0
DA:81,0
DA:85,0
LF:41
LH:12
end_of_record
SF:lib\src\validation\gender.dart
DA:2,0
DA:3,0
DA:4,0
DA:5,0
LF:4
LH:0
end_of_record
SF:lib\src\helpers\files.dart
DA:7,2
DA:8,4
DA:13,0
DA:14,0
DA:18,2
DA:20,2
DA:22,6
LF:7
LH:5
end_of_record
