SF:lib\nations.dart
DA:26,16
LF:1
LH:1
end_of_record
SF:lib\src\loaders\base.dart
DA:10,35
LF:1
LH:1
end_of_record
SF:lib\src\models\config.dart
DA:10,8
DA:18,8
DA:21,2
DA:27,2
DA:37,1
DA:41,1
DA:46,1
DA:50,1
DA:54,1
DA:58,1
DA:62,1
DA:65,1
LF:12
LH:12
end_of_record
SF:lib\src\builder.dart
DA:7,2
DA:10,2
DA:14,2
DA:15,2
DA:19,2
DA:21,2
DA:23,4
DA:26,2
DA:28,6
DA:29,4
DA:31,2
DA:34,2
DA:35,2
DA:36,4
DA:38,2
DA:39,2
DA:42,2
LF:17
LH:17
end_of_record
SF:lib\src\controller.dart
DA:13,21
DA:17,7
DA:25,10
DA:31,4
DA:35,4
DA:38,12
DA:41,6
DA:43,8
DA:45,4
DA:46,4
DA:47,2
DA:49,12
DA:54,2
DA:55,2
DA:56,4
DA:57,8
DA:58,2
DA:62,8
DA:65,6
DA:70,12
DA:75,5
DA:77,5
DA:79,20
DA:80,20
DA:83,10
DA:84,25
DA:86,10
DA:90,5
DA:91,5
DA:92,5
LF:30
LH:30
end_of_record
SF:lib\src\extensions\locale.dart
DA:14,8
DA:17,8
DA:20,2
DA:21,6
LF:4
LH:4
end_of_record
SF:lib\src\extensions\nations_base.dart
DA:10,3
DA:13,4
LF:2
LH:2
end_of_record
SF:lib\src\extensions\string.dart
DA:8,4
DA:9,11
DA:12,1
DA:13,2
DA:14,3
DA:17,1
DA:18,2
DA:19,3
DA:22,1
DA:23,2
DA:24,3
DA:27,1
DA:28,2
DA:29,3
DA:32,1
DA:36,2
DA:37,3
DA:41,1
DA:42,1
LF:19
LH:19
end_of_record
SF:lib\src\helpers\string.dart
DA:6,2
DA:7,2
DA:8,2
DA:9,2
DA:10,2
DA:11,1
DA:12,1
DA:20,2
DA:22,2
DA:23,2
DA:24,2
DA:25,2
DA:26,2
DA:27,2
DA:28,2
DA:29,2
DA:30,2
DA:31,2
DA:35,1
DA:37,1
DA:38,1
DA:39,1
DA:40,1
DA:41,1
DA:42,1
DA:43,1
DA:44,1
DA:45,1
DA:46,1
DA:51,1
DA:52,4
DA:58,1
DA:60,1
DA:61,4
DA:62,1
DA:68,3
DA:70,6
DA:71,3
DA:73,12
LF:39
LH:39
end_of_record
SF:lib\src\loaders\assets.dart
DA:10,16
DA:12,5
DA:13,15
LF:3
LH:3
end_of_record
SF:lib\src\loaders\nation_assets.dart
DA:10,17
DA:12,6
DA:14,6
DA:15,6
DA:17,4
DA:19,1
DA:22,1
LF:7
LH:7
end_of_record
SF:lib\src\extract\map.dart
DA:6,2
DA:9,2
DA:11,2
DA:13,4
DA:15,4
DA:16,4
DA:17,2
DA:18,4
DA:19,2
DA:24,2
DA:26,4
DA:27,6
DA:28,4
DA:29,2
DA:30,6
DA:31,2
DA:32,4
DA:33,2
DA:40,1
DA:42,3
DA:43,2
LF:21
LH:21
end_of_record
SF:lib\src\extract\not_found.dart
DA:6,4
DA:8,4
LF:2
LH:2
end_of_record
SF:lib\src\extract\string.dart
DA:6,5
DA:9,5
DA:11,1
DA:12,2
DA:14,5
DA:15,5
LF:6
LH:6
end_of_record
SF:lib\src\extract\base.dart
DA:12,9
DA:24,6
DA:27,18
DA:29,6
DA:30,4
DA:31,3
DA:32,1
DA:34,3
DA:38,2
DA:41,3
DA:44,3
DA:47,3
LF:12
LH:12
end_of_record
SF:lib\src\helpers\extractors.dart
DA:6,3
DA:7,6
DA:9,6
DA:13,2
DA:16,4
DA:17,4
DA:19,2
DA:23,6
DA:24,4
DA:25,4
DA:26,4
DA:31,1
LF:12
LH:12
end_of_record
SF:lib\src\helpers\validation.dart
DA:2,2
DA:3,2
DA:4,4
DA:5,4
LF:4
LH:4
end_of_record
SF:lib\src\helpers\files.dart
DA:23,5
DA:24,10
DA:29,6
DA:32,1
DA:34,18
LF:5
LH:5
end_of_record
